<?xml version="1.0" encoding="UTF-8"?>
<testng-results skipped="0" failed="0" total="1" passed="1">
  <reporter-output>
    <line>
      <![CDATA[Test was executed in the following environment:]]>
    </line>
    <line>
      <![CDATA[- URL: http://demoqa.com/]]>
    </line>
    <line>
      <![CDATA[- Execution date: jueves 25 de junio del 2015 a las 15:04hs]]>
    </line>
    <line>
      <![CDATA[- Go To url: http://demoqa.com/]]>
    </line>
    <line>
      <![CDATA[- Click Registration Button ]]>
    </line>
    <line>
      <![CDATA[- Click Submit]]>
    </line>
    <line>
      <![CDATA[- Complete first name]]>
    </line>
    <line>
      <![CDATA[- Complete last name]]>
    </line>
    <line>
      <![CDATA[- Select Dance]]>
    </line>
    <line>
      <![CDATA[- Select Reading]]>
    </line>
    <line>
      <![CDATA[- Select Cricket]]>
    </line>
  </reporter-output>
  <suite name="Registration" duration-ms="58267" started-at="2015-06-25T18:04:37Z" finished-at="2015-06-25T18:05:35Z">
    <groups>
    </groups>
    <test name="Test Results" duration-ms="58267" started-at="2015-06-25T18:04:37Z" finished-at="2015-06-25T18:05:35Z">
      <class name="automation.test.RegistrationTest">
        <test-method status="PASS" signature="beforeSuite()[pri:0, instance:automation.test.RegistrationTest@d6da883]" name="beforeSuite" is-config="true" duration-ms="5530" started-at="2015-06-25T15:04:31Z" finished-at="2015-06-25T15:04:37Z">
          <reporter-output>
          </reporter-output>
        </test-method> <!-- beforeSuite -->
        <test-method status="PASS" signature="fieldsValidation(java.lang.String, java.lang.String)[pri:0, instance:automation.test.RegistrationTest@d6da883]" name="fieldsValidation" duration-ms="58248" started-at="2015-06-25T15:04:37Z" data-provider="demoInformation" finished-at="2015-06-25T15:05:35Z">
          <params>
            <param index="0">
              <value>
                <![CDATA[]]>
              </value>
            </param>
            <param index="1">
              <value>
                <![CDATA[]]>
              </value>
            </param>
          </params>
          <reporter-output>
            <line>
              <![CDATA[Test was executed in the following environment:]]>
            </line>
            <line>
              <![CDATA[- URL: http://demoqa.com/]]>
            </line>
            <line>
              <![CDATA[- Execution date: jueves 25 de junio del 2015 a las 15:04hs]]>
            </line>
            <line>
              <![CDATA[- Go To url: http://demoqa.com/]]>
            </line>
            <line>
              <![CDATA[- Click Registration Button ]]>
            </line>
            <line>
              <![CDATA[- Click Submit]]>
            </line>
            <line>
              <![CDATA[- Complete first name]]>
            </line>
            <line>
              <![CDATA[- Complete last name]]>
            </line>
            <line>
              <![CDATA[- Select Dance]]>
            </line>
            <line>
              <![CDATA[- Select Reading]]>
            </line>
            <line>
              <![CDATA[- Select Cricket]]>
            </line>
          </reporter-output>
        </test-method> <!-- fieldsValidation -->
        <test-method status="PASS" signature="afterSuite()[pri:0, instance:automation.test.RegistrationTest@d6da883]" name="afterSuite" is-config="true" duration-ms="421" started-at="2015-06-25T15:05:35Z" finished-at="2015-06-25T15:05:35Z">
          <reporter-output>
          </reporter-output>
        </test-method> <!-- afterSuite -->
      </class> <!-- automation.test.RegistrationTest -->
    </test> <!-- Test Results -->
  </suite> <!-- Registration -->
</testng-results>
